{"level":"info","message":"16:function getMinutes() { [native code] } - 3:9:2023 | Info: Started refreshing 2 slash (/) commands."}
{"level":"info","message":"16:function getMinutes() { [native code] } - 3:9:2023 | Info: Refreshed 2 slash (/) commands."}
{"level":"info","message":"16:function getMinutes() { [native code] } - 3:9:2023 | Info: Registered event error (/home/endeavour/Code/dmcp/bot/src/events/$error.ts)"}
{"level":"info","message":"16:function getMinutes() { [native code] } - 3:9:2023 | Info: Registered event ready (/home/endeavour/Code/dmcp/bot/src/events/$ready.ts)"}
{"level":"info","message":"16:function getMinutes() { [native code] } - 3:9:2023 | Info: Registered event guildMemberAdd (/home/endeavour/Code/dmcp/bot/src/events/guildMemberAdd.ts)"}
{"level":"info","message":"16:function getMinutes() { [native code] } - 3:9:2023 | Info: Registered event interactionCreate (/home/endeavour/Code/dmcp/bot/src/events/interactionCreate.ts)"}
{"level":"info","message":"16:function getMinutes() { [native code] } - 3:9:2023 | Info: Started refreshing 2 slash (/) commands."}
{"level":"info","message":"12:function getMinutes() { [native code] } - 4:9:2023 | Info: Started refreshing 2 slash (/) commands."}
{"level":"info","message":"12:function getMinutes() { [native code] } - 4:9:2023 | Info: Refreshed 2 slash (/) commands."}
{"level":"info","message":"12:function getMinutes() { [native code] } - 4:9:2023 | Info: Registered event error (/home/endeavour/Code/dmcp/bot/src/events/$error.ts)"}
{"level":"info","message":"12:function getMinutes() { [native code] } - 4:9:2023 | Info: Registered event ready (/home/endeavour/Code/dmcp/bot/src/events/$ready.ts)"}
{"level":"info","message":"12:function getMinutes() { [native code] } - 4:9:2023 | Info: Registered event guildMemberAdd (/home/endeavour/Code/dmcp/bot/src/events/guildMemberAdd.ts)"}
{"level":"info","message":"12:function getMinutes() { [native code] } - 4:9:2023 | Info: Registered event interactionCreate (/home/endeavour/Code/dmcp/bot/src/events/interactionCreate.ts)"}
{"level":"info","message":"12:function getMinutes() { [native code] } - 4:9:2023 | Info: Logged in as Zertex Beta#3816"}
{"level":"info","message":"13:function getMinutes() { [native code] } - 4:9:2023 | Info: Started refreshing 3 slash (/) commands."}
{"level":"info","message":"13:function getMinutes() { [native code] } - 4:9:2023 | Info: Refreshed 3 slash (/) commands."}
{"level":"info","message":"13:function getMinutes() { [native code] } - 4:9:2023 | Info: Registered event error (/home/endeavour/Code/dmcp/bot/src/events/$error.ts)"}
{"level":"info","message":"13:function getMinutes() { [native code] } - 4:9:2023 | Info: Registered event ready (/home/endeavour/Code/dmcp/bot/src/events/$ready.ts)"}
{"level":"info","message":"13:function getMinutes() { [native code] } - 4:9:2023 | Info: Registered event guildMemberAdd (/home/endeavour/Code/dmcp/bot/src/events/guildMemberAdd.ts)"}
{"level":"info","message":"13:function getMinutes() { [native code] } - 4:9:2023 | Info: Registered event interactionCreate (/home/endeavour/Code/dmcp/bot/src/events/interactionCreate.ts)"}
{"level":"info","message":"13:function getMinutes() { [native code] } - 4:9:2023 | Info: Logged in as Zertex Beta#3816"}
{"level":"info","message":"13:function getMinutes() { [native code] } - 4:9:2023 | Info: Started refreshing 3 slash (/) commands."}
{"level":"info","message":"13:function getMinutes() { [native code] } - 4:9:2023 | Info: Refreshed 3 slash (/) commands."}
{"level":"info","message":"13:function getMinutes() { [native code] } - 4:9:2023 | Info: Registered event error (/home/endeavour/Code/dmcp/bot/src/events/$error.ts)"}
{"level":"info","message":"13:function getMinutes() { [native code] } - 4:9:2023 | Info: Registered event ready (/home/endeavour/Code/dmcp/bot/src/events/$ready.ts)"}
{"level":"info","message":"13:function getMinutes() { [native code] } - 4:9:2023 | Info: Registered event guildMemberAdd (/home/endeavour/Code/dmcp/bot/src/events/guildMemberAdd.ts)"}
{"level":"info","message":"13:function getMinutes() { [native code] } - 4:9:2023 | Info: Registered event interactionCreate (/home/endeavour/Code/dmcp/bot/src/events/interactionCreate.ts)"}
{"level":"info","message":"13:function getMinutes() { [native code] } - 4:9:2023 | Info: Logged in as Zertex Beta#3816"}
{"level":"info","message":"13:function getMinutes() { [native code] } - 4:9:2023 | Info: Started refreshing 3 slash (/) commands."}
{"level":"info","message":"13:function getMinutes() { [native code] } - 4:9:2023 | Info: Refreshed 3 slash (/) commands."}
{"level":"info","message":"13:function getMinutes() { [native code] } - 4:9:2023 | Info: Registered event error (/home/endeavour/Code/dmcp/bot/src/events/$error.ts)"}
{"level":"info","message":"13:function getMinutes() { [native code] } - 4:9:2023 | Info: Registered event ready (/home/endeavour/Code/dmcp/bot/src/events/$ready.ts)"}
{"level":"info","message":"13:function getMinutes() { [native code] } - 4:9:2023 | Info: Registered event guildMemberAdd (/home/endeavour/Code/dmcp/bot/src/events/guildMemberAdd.ts)"}
{"level":"info","message":"13:function getMinutes() { [native code] } - 4:9:2023 | Info: Registered event interactionCreate (/home/endeavour/Code/dmcp/bot/src/events/interactionCreate.ts)"}
{"level":"info","message":"13:function getMinutes() { [native code] } - 4:9:2023 | Info: Logged in as Zertex Beta#3816"}
{"level":"info","message":"13:function getMinutes() { [native code] } - 4:9:2023 | Info: Started refreshing 3 slash (/) commands."}
{"level":"info","message":"13:function getMinutes() { [native code] } - 4:9:2023 | Info: Refreshed 3 slash (/) commands."}
{"level":"info","message":"13:function getMinutes() { [native code] } - 4:9:2023 | Info: Registered event error (/home/endeavour/Code/dmcp/bot/src/events/$error.ts)"}
{"level":"info","message":"13:function getMinutes() { [native code] } - 4:9:2023 | Info: Registered event ready (/home/endeavour/Code/dmcp/bot/src/events/$ready.ts)"}
{"level":"info","message":"13:function getMinutes() { [native code] } - 4:9:2023 | Info: Registered event guildMemberAdd (/home/endeavour/Code/dmcp/bot/src/events/guildMemberAdd.ts)"}
{"level":"info","message":"13:function getMinutes() { [native code] } - 4:9:2023 | Info: Registered event interactionCreate (/home/endeavour/Code/dmcp/bot/src/events/interactionCreate.ts)"}
{"level":"info","message":"13:function getMinutes() { [native code] } - 4:9:2023 | Info: Logged in as Zertex Beta#3816"}
{"level":"info","message":"13:function getMinutes() { [native code] } - 4:9:2023 | Info: Started refreshing 3 slash (/) commands."}
{"level":"info","message":"13:function getMinutes() { [native code] } - 4:9:2023 | Info: Refreshed 3 slash (/) commands."}
{"level":"info","message":"13:function getMinutes() { [native code] } - 4:9:2023 | Info: Registered event error (/home/endeavour/Code/dmcp/bot/src/events/$error.ts)"}
{"level":"info","message":"13:function getMinutes() { [native code] } - 4:9:2023 | Info: Registered event ready (/home/endeavour/Code/dmcp/bot/src/events/$ready.ts)"}
{"level":"info","message":"13:function getMinutes() { [native code] } - 4:9:2023 | Info: Registered event guildMemberAdd (/home/endeavour/Code/dmcp/bot/src/events/guildMemberAdd.ts)"}
{"level":"info","message":"13:function getMinutes() { [native code] } - 4:9:2023 | Info: Registered event interactionCreate (/home/endeavour/Code/dmcp/bot/src/events/interactionCreate.ts)"}
{"level":"info","message":"13:function getMinutes() { [native code] } - 4:9:2023 | Info: Logged in as Zertex Beta#3816"}
{"level":"info","message":"13:function getMinutes() { [native code] } - 4:9:2023 | Info: Started refreshing 3 slash (/) commands."}
{"level":"info","message":"13:function getMinutes() { [native code] } - 4:9:2023 | Info: Refreshed 3 slash (/) commands."}
{"level":"info","message":"13:function getMinutes() { [native code] } - 4:9:2023 | Info: Registered event error (/home/endeavour/Code/dmcp/bot/src/events/$error.ts)"}
{"level":"info","message":"13:function getMinutes() { [native code] } - 4:9:2023 | Info: Registered event ready (/home/endeavour/Code/dmcp/bot/src/events/$ready.ts)"}
{"level":"info","message":"13:function getMinutes() { [native code] } - 4:9:2023 | Info: Registered event guildMemberAdd (/home/endeavour/Code/dmcp/bot/src/events/guildMemberAdd.ts)"}
{"level":"info","message":"13:function getMinutes() { [native code] } - 4:9:2023 | Info: Registered event interactionCreate (/home/endeavour/Code/dmcp/bot/src/events/interactionCreate.ts)"}
{"level":"info","message":"13:function getMinutes() { [native code] } - 4:9:2023 | Info: Logged in as Zertex Beta#3816"}
{"level":"info","message":"13:function getMinutes() { [native code] } - 4:9:2023 | Info: Started refreshing 3 slash (/) commands."}
{"level":"info","message":"13:function getMinutes() { [native code] } - 4:9:2023 | Info: Refreshed 3 slash (/) commands."}
{"level":"info","message":"13:function getMinutes() { [native code] } - 4:9:2023 | Info: Registered event error (/home/endeavour/Code/dmcp/bot/src/events/$error.ts)"}
{"level":"info","message":"13:function getMinutes() { [native code] } - 4:9:2023 | Info: Registered event ready (/home/endeavour/Code/dmcp/bot/src/events/$ready.ts)"}
{"level":"info","message":"13:function getMinutes() { [native code] } - 4:9:2023 | Info: Registered event guildMemberAdd (/home/endeavour/Code/dmcp/bot/src/events/guildMemberAdd.ts)"}
{"level":"info","message":"13:function getMinutes() { [native code] } - 4:9:2023 | Info: Registered event interactionCreate (/home/endeavour/Code/dmcp/bot/src/events/interactionCreate.ts)"}
{"level":"info","message":"13:function getMinutes() { [native code] } - 4:9:2023 | Info: Logged in as Zertex Beta#3816"}
{"level":"info","message":"13:function getMinutes() { [native code] } - 4:9:2023 | Info: Started refreshing 3 slash (/) commands."}
{"level":"info","message":"13:function getMinutes() { [native code] } - 4:9:2023 | Info: Refreshed 3 slash (/) commands."}
{"level":"info","message":"13:function getMinutes() { [native code] } - 4:9:2023 | Info: Registered event error (/home/endeavour/Code/dmcp/bot/src/events/$error.ts)"}
{"level":"info","message":"13:function getMinutes() { [native code] } - 4:9:2023 | Info: Registered event ready (/home/endeavour/Code/dmcp/bot/src/events/$ready.ts)"}
{"level":"info","message":"13:function getMinutes() { [native code] } - 4:9:2023 | Info: Registered event guildMemberAdd (/home/endeavour/Code/dmcp/bot/src/events/guildMemberAdd.ts)"}
{"level":"info","message":"13:function getMinutes() { [native code] } - 4:9:2023 | Info: Registered event interactionCreate (/home/endeavour/Code/dmcp/bot/src/events/interactionCreate.ts)"}
{"level":"info","message":"13:function getMinutes() { [native code] } - 4:9:2023 | Info: Logged in as Zertex Beta#3816"}
{"level":"info","message":"13:function getMinutes() { [native code] } - 4:9:2023 | Info: Started refreshing 3 slash (/) commands."}
{"level":"info","message":"13:function getMinutes() { [native code] } - 4:9:2023 | Info: Refreshed 3 slash (/) commands."}
{"level":"info","message":"13:function getMinutes() { [native code] } - 4:9:2023 | Info: Registered event error (/home/endeavour/Code/dmcp/bot/src/events/$error.ts)"}
{"level":"info","message":"13:function getMinutes() { [native code] } - 4:9:2023 | Info: Registered event ready (/home/endeavour/Code/dmcp/bot/src/events/$ready.ts)"}
{"level":"info","message":"13:function getMinutes() { [native code] } - 4:9:2023 | Info: Registered event guildMemberAdd (/home/endeavour/Code/dmcp/bot/src/events/guildMemberAdd.ts)"}
{"level":"info","message":"13:function getMinutes() { [native code] } - 4:9:2023 | Info: Registered event interactionCreate (/home/endeavour/Code/dmcp/bot/src/events/interactionCreate.ts)"}
{"level":"info","message":"13:function getMinutes() { [native code] } - 4:9:2023 | Info: Logged in as Zertex Beta#3816"}
{"level":"info","message":"17:function getMinutes() { [native code] } - 4:9:2023 | Info: Started refreshing 3 slash (/) commands."}
{"level":"info","message":"17:function getMinutes() { [native code] } - 4:9:2023 | Info: Refreshed 3 slash (/) commands."}
{"level":"info","message":"17:function getMinutes() { [native code] } - 4:9:2023 | Info: Registered event error (/home/endeavour/Code/dmcp/bot/src/events/$error.ts)"}
{"level":"info","message":"17:function getMinutes() { [native code] } - 4:9:2023 | Info: Registered event ready (/home/endeavour/Code/dmcp/bot/src/events/$ready.ts)"}
{"level":"info","message":"17:function getMinutes() { [native code] } - 4:9:2023 | Info: Registered event guildMemberAdd (/home/endeavour/Code/dmcp/bot/src/events/guildMemberAdd.ts)"}
{"level":"info","message":"17:function getMinutes() { [native code] } - 4:9:2023 | Info: Registered event interactionCreate (/home/endeavour/Code/dmcp/bot/src/events/interactionCreate.ts)"}
{"level":"info","message":"17:function getMinutes() { [native code] } - 4:9:2023 | Info: Logged in as Zertex Beta#3816"}
{"level":"info","message":"14:function getMinutes() { [native code] } - 5:9:2023 | Info: Started refreshing 3 slash (/) commands."}
{"level":"info","message":"14:function getMinutes() { [native code] } - 5:9:2023 | Info: Refreshed 3 slash (/) commands."}
{"level":"info","message":"14:function getMinutes() { [native code] } - 5:9:2023 | Info: Registered event error (/home/endeavour/Code/dmcp/packages/bot/src/events/$error.ts)"}
{"level":"info","message":"14:function getMinutes() { [native code] } - 5:9:2023 | Info: Registered event ready (/home/endeavour/Code/dmcp/packages/bot/src/events/$ready.ts)"}
{"level":"info","message":"14:function getMinutes() { [native code] } - 5:9:2023 | Info: Registered event guildMemberAdd (/home/endeavour/Code/dmcp/packages/bot/src/events/guildMemberAdd.ts)"}
{"level":"info","message":"14:function getMinutes() { [native code] } - 5:9:2023 | Info: Registered event interactionCreate (/home/endeavour/Code/dmcp/packages/bot/src/events/interactionCreate.ts)"}
{"level":"info","message":"14:function getMinutes() { [native code] } - 5:9:2023 | Info: Logged in as Zertex Beta#3816"}
